<?xml version="1.0" encoding="UTF-8"?>
<testng-results skipped="0" failed="0" ignored="0" total="2" passed="2">
  <reporter-output>
  </reporter-output>
  <suite name="Surefire suite" duration-ms="51" started-at="2019-10-22T16:45:54 IST" finished-at="2019-10-22T16:45:54 IST">
    <groups>
    </groups>
    <test name="Surefire test" duration-ms="51" started-at="2019-10-22T16:45:54 IST" finished-at="2019-10-22T16:45:54 IST">
      <class name="qaclickacademy.AppiumTest">
        <test-method status="PASS" signature="IOSApps()[pri:0, instance:qaclickacademy.AppiumTest@67b92f0a]" name="IOSApps" duration-ms="7" started-at="2019-10-22T16:45:54 IST" finished-at="2019-10-22T16:45:54 IST">
          <reporter-output>
          </reporter-output>
        </test-method> <!-- IOSApps -->
        <test-method status="PASS" signature="NativeAPpAndroid()[pri:0, instance:qaclickacademy.AppiumTest@67b92f0a]" name="NativeAPpAndroid" duration-ms="0" started-at="2019-10-22T16:45:54 IST" finished-at="2019-10-22T16:45:54 IST">
          <reporter-output>
          </reporter-output>
        </test-method> <!-- NativeAPpAndroid -->
      </class> <!-- qaclickacademy.AppiumTest -->
    </test> <!-- Surefire test -->
  </suite> <!-- Surefire suite -->
</testng-results>
